<?xml version="1.0" encoding="UTF-8"?>
<!-- Generated by org.testng.reporters.JUnitReportReporter -->
<testsuite hostname="DESKTOP-I6OD7DE" name="com.testcases.LogintestCRM" tests="1" failures="0" timestamp="18 Jul 2020 22:38:04 GMT" time="10.006" errors="0">
  <testcase name="loginApp" time="10.006" classname="com.testcases.LogintestCRM"/>
</testsuite> <!-- com.testcases.LogintestCRM -->
